# JRE version: OpenJDK Runtime Environment GraalVM CE 22.3.0 (17.0.5+8) (build 17.0.5+8-jvmci-22.3-b08)
# Java VM: OpenJDK 64-Bit Server VM GraalVM CE 22.3.0 (17.0.5+8-jvmci-22.3-b08, mixed mode, sharing, tiered, jvmci, jvmci compiler, compressed oops, compressed class ptrs, parallel gc, linux-amd64)
GC Precious Log:
 CPUs: 16 total, 2 available
 Memory: 3215M
 Large Page Support: Disabled
 NUMA Support: Disabled
 Compressed Oops: Enabled (32-bit)
 Alignments: Space 512K, Generation 512K, Heap 2M
 Heap Min Capacity: 100M
 Heap Initial Capacity: 100M
 Heap Max Capacity: 512M
 Pre-touch: Disabled
 Parallel Workers: 2
Heap:
 PSYoungGen      total 96768K, used 48639K [0x00000000f5580000, 0x00000000ff880000, 0x0000000100000000)
  eden space 48640K, 99% used [0x00000000f5580000,0x00000000f84ffff8,0x00000000f8500000)
  from space 48128K, 0% used [0x00000000f8500000,0x00000000f8500000,0x00000000fb400000)
  to   space 57856K, 0% used [0x00000000fc000000,0x00000000fc000000,0x00000000ff880000)
 ParOldGen       total 349696K, used 349696K [0x00000000e0000000, 0x00000000f5580000, 0x00000000f5580000)
  object space 349696K, 100% used [0x00000000e0000000,0x00000000f5580000,0x00000000f5580000)
 Metaspace       used 81470K, committed 82496K, reserved 1130496K
  class space    used 7078K, committed 7552K, reserved 1048576K
GC Heap History (20 events):
Event: 3701.870 GC heap before
{Heap before GC invocations=3392 (full 3208):
 PSYoungGen      total 96768K, used 48640K [0x00000000f5580000, 0x00000000ff880000, 0x0000000100000000)
  eden space 48640K, 100% used [0x00000000f5580000,0x00000000f8500000,0x00000000f8500000)
  from space 48128K, 0% used [0x00000000f8500000,0x00000000f8500000,0x00000000fb400000)
  to   space 57856K, 0% used [0x00000000fc000000,0x00000000fc000000,0x00000000ff880000)
 ParOldGen       total 349696K, used 349694K [0x00000000e0000000, 0x00000000f5580000, 0x00000000f5580000)
  object space 349696K, 99% used [0x00000000e0000000,0x00000000f557f8d0,0x00000000f5580000)
 Metaspace       used 81470K, committed 82496K, reserved 1130496K
  class space    used 7078K, committed 7552K, reserved 1048576K
}
Event: 3702.340 GC heap after
{Heap after GC invocations=3392 (full 3208):
 PSYoungGen      total 106496K, used 48639K [0x00000000f5580000, 0x00000000ff880000, 0x0000000100000000)
  eden space 48640K, 99% used [0x00000000f5580000,0x00000000f84fff18,0x00000000f8500000)
  from space 57856K, 0% used [0x00000000fc000000,0x00000000fc000000,0x00000000ff880000)
  to   space 48128K, 0% used [0x00000000f8500000,0x00000000f8500000,0x00000000fb400000)
 ParOldGen       total 349696K, used 349692K [0x00000000e0000000, 0x00000000f5580000, 0x00000000f5580000)
  object space 349696K, 99% used [0x00000000e0000000,0x00000000f557f398,0x00000000f5580000)
 Metaspace       used 81470K, committed 82496K, reserved 1130496K
  class space    used 7078K, committed 7552K, reserved 1048576K
}
Event: 3702.341 GC heap before
{Heap before GC invocations=3393 (full 3209):
 PSYoungGen      total 106496K, used 48639K [0x00000000f5580000, 0x00000000ff880000, 0x0000000100000000)
  eden space 48640K, 99% used [0x00000000f5580000,0x00000000f84ffff8,0x00000000f8500000)
  from space 57856K, 0% used [0x00000000fc000000,0x00000000fc000000,0x00000000ff880000)
  to   space 48128K, 0% used [0x00000000f8500000,0x00000000f8500000,0x00000000fb400000)
 ParOldGen       total 349696K, used 349692K [0x00000000e0000000, 0x00000000f5580000, 0x00000000f5580000)
  object space 349696K, 99% used [0x00000000e0000000,0x00000000f557f398,0x00000000f5580000)
 Metaspace       used 81470K, committed 82496K, reserved 1130496K
  class space    used 7078K, committed 7552K, reserved 1048576K
}
Event: 3702.836 GC heap after
{Heap after GC invocations=3393 (full 3209):
 PSYoungGen      total 96768K, used 48639K [0x00000000f5580000, 0x00000000ff880000, 0x0000000100000000)
  eden space 48640K, 99% used [0x00000000f5580000,0x00000000f84fff90,0x00000000f8500000)
  from space 48128K, 0% used [0x00000000f8500000,0x00000000f8500000,0x00000000fb400000)
  to   space 57856K, 0% used [0x00000000fc000000,0x00000000fc000000,0x00000000ff880000)
 ParOldGen       total 349696K, used 349692K [0x00000000e0000000, 0x00000000f5580000, 0x00000000f5580000)
  object space 349696K, 99% used [0x00000000e0000000,0x00000000f557f398,0x00000000f5580000)
 Metaspace       used 81470K, committed 82496K, reserved 1130496K
  class space    used 7078K, committed 7552K, reserved 1048576K
}
Event: 3702.837 GC heap before
{Heap before GC invocations=3394 (full 3210):
 PSYoungGen      total 96768K, used 48640K [0x00000000f5580000, 0x00000000ff880000, 0x0000000100000000)
  eden space 48640K, 100% used [0x00000000f5580000,0x00000000f8500000,0x00000000f8500000)
  from space 48128K, 0% used [0x00000000f8500000,0x00000000f8500000,0x00000000fb400000)
  to   space 57856K, 0% used [0x00000000fc000000,0x00000000fc000000,0x00000000ff880000)
 ParOldGen       total 349696K, used 349695K [0x00000000e0000000, 0x00000000f5580000, 0x00000000f5580000)
  object space 349696K, 99% used [0x00000000e0000000,0x00000000f557ffd0,0x00000000f5580000)
 Metaspace       used 81470K, committed 82496K, reserved 1130496K
  class space    used 7078K, committed 7552K, reserved 1048576K
}
Event: 3703.261 GC heap after
{Heap after GC invocations=3394 (full 3210):
 PSYoungGen      total 106496K, used 48640K [0x00000000f5580000, 0x00000000ff880000, 0x0000000100000000)
  eden space 48640K, 100% used [0x00000000f5580000,0x00000000f8500000,0x00000000f8500000)
  from space 57856K, 0% used [0x00000000fc000000,0x00000000fc000000,0x00000000ff880000)
  to   space 48128K, 0% used [0x00000000f8500000,0x00000000f8500000,0x00000000fb400000)
 ParOldGen       total 349696K, used 349695K [0x00000000e0000000, 0x00000000f5580000, 0x00000000f5580000)
  object space 349696K, 99% used [0x00000000e0000000,0x00000000f557ff90,0x00000000f5580000)
 Metaspace       used 81470K, committed 82496K, reserved 1130496K
  class space    used 7078K, committed 7552K, reserved 1048576K
}
Event: 3703.261 GC heap before
{Heap before GC invocations=3395 (full 3211):
 PSYoungGen      total 106496K, used 48640K [0x00000000f5580000, 0x00000000ff880000, 0x0000000100000000)
  eden space 48640K, 100% used [0x00000000f5580000,0x00000000f8500000,0x00000000f8500000)
  from space 57856K, 0% used [0x00000000fc000000,0x00000000fc000000,0x00000000ff880000)
  to   space 48128K, 0% used [0x00000000f8500000,0x00000000f8500000,0x00000000fb400000)
 ParOldGen       total 349696K, used 349695K [0x00000000e0000000, 0x00000000f5580000, 0x00000000f5580000)
  object space 349696K, 99% used [0x00000000e0000000,0x00000000f557ff90,0x00000000f5580000)
 Metaspace       used 81470K, committed 82496K, reserved 1130496K
  class space    used 7078K, committed 7552K, reserved 1048576K
}
Event: 3703.802 GC heap after
{Heap after GC invocations=3395 (full 3211):
 PSYoungGen      total 96768K, used 48640K [0x00000000f5580000, 0x00000000ff880000, 0x0000000100000000)
  eden space 48640K, 100% used [0x00000000f5580000,0x00000000f8500000,0x00000000f8500000)
  from space 48128K, 0% used [0x00000000f8500000,0x00000000f8500000,0x00000000fb400000)
  to   space 57856K, 0% used [0x00000000fc000000,0x00000000fc000000,0x00000000ff880000)
 ParOldGen       total 349696K, used 349695K [0x00000000e0000000, 0x00000000f5580000, 0x00000000f5580000)
  object space 349696K, 99% used [0x00000000e0000000,0x00000000f557ff90,0x00000000f5580000)
 Metaspace       used 81470K, committed 82496K, reserved 1130496K
  class space    used 7078K, committed 7552K, reserved 1048576K
}
Event: 3703.802 GC heap before
{Heap before GC invocations=3396 (full 3212):
 PSYoungGen      total 96768K, used 48640K [0x00000000f5580000, 0x00000000ff880000, 0x0000000100000000)
  eden space 48640K, 100% used [0x00000000f5580000,0x00000000f8500000,0x00000000f8500000)
  from space 48128K, 0% used [0x00000000f8500000,0x00000000f8500000,0x00000000fb400000)
  to   space 57856K, 0% used [0x00000000fc000000,0x00000000fc000000,0x00000000ff880000)
 ParOldGen       total 349696K, used 349695K [0x00000000e0000000, 0x00000000f5580000, 0x00000000f5580000)
  object space 349696K, 99% used [0x00000000e0000000,0x00000000f557fff0,0x00000000f5580000)
 Metaspace       used 81470K, committed 82496K, reserved 1130496K
  class space    used 7078K, committed 7552K, reserved 1048576K
}
Event: 3704.235 GC heap after
{Heap after GC invocations=3396 (full 3212):
 PSYoungGen      total 106496K, used 48640K [0x00000000f5580000, 0x00000000ff880000, 0x0000000100000000)
  eden space 48640K, 100% used [0x00000000f5580000,0x00000000f8500000,0x00000000f8500000)
  from space 57856K, 0% used [0x00000000fc000000,0x00000000fc000000,0x00000000ff880000)
  to   space 48128K, 0% used [0x00000000f8500000,0x00000000f8500000,0x00000000fb400000)
 ParOldGen       total 349696K, used 349695K [0x00000000e0000000, 0x00000000f5580000, 0x00000000f5580000)
  object space 349696K, 99% used [0x00000000e0000000,0x00000000f557fff0,0x00000000f5580000)
 Metaspace       used 81470K, committed 82496K, reserved 1130496K
  class space    used 7078K, committed 7552K, reserved 1048576K
}
Event: 3704.235 GC heap before
{Heap before GC invocations=3397 (full 3213):
 PSYoungGen      total 106496K, used 48640K [0x00000000f5580000, 0x00000000ff880000, 0x0000000100000000)
  eden space 48640K, 100% used [0x00000000f5580000,0x00000000f8500000,0x00000000f8500000)
  from space 57856K, 0% used [0x00000000fc000000,0x00000000fc000000,0x00000000ff880000)
  to   space 48128K, 0% used [0x00000000f8500000,0x00000000f8500000,0x00000000fb400000)
 ParOldGen       total 349696K, used 349695K [0x00000000e0000000, 0x00000000f5580000, 0x00000000f5580000)
  object space 349696K, 99% used [0x00000000e0000000,0x00000000f557fff0,0x00000000f5580000)
 Metaspace       used 81470K, committed 82496K, reserved 1130496K
  class space    used 7078K, committed 7552K, reserved 1048576K
}
Event: 3704.735 GC heap after
{Heap after GC invocations=3397 (full 3213):
 PSYoungGen      total 96768K, used 48640K [0x00000000f5580000, 0x00000000ff880000, 0x0000000100000000)
  eden space 48640K, 100% used [0x00000000f5580000,0x00000000f8500000,0x00000000f8500000)
  from space 48128K, 0% used [0x00000000f8500000,0x00000000f8500000,0x00000000fb400000)
  to   space 57856K, 0% used [0x00000000fc000000,0x00000000fc000000,0x00000000ff880000)
 ParOldGen       total 349696K, used 349695K [0x00000000e0000000, 0x00000000f5580000, 0x00000000f5580000)
  object space 349696K, 99% used [0x00000000e0000000,0x00000000f557fff0,0x00000000f5580000)
 Metaspace       used 81470K, committed 82496K, reserved 1130496K
  class space    used 7078K, committed 7552K, reserved 1048576K
}
Event: 3704.735 GC heap before
{Heap before GC invocations=3398 (full 3214):
 PSYoungGen      total 96768K, used 48640K [0x00000000f5580000, 0x00000000ff880000, 0x0000000100000000)
  eden space 48640K, 100% used [0x00000000f5580000,0x00000000f8500000,0x00000000f8500000)
  from space 48128K, 0% used [0x00000000f8500000,0x00000000f8500000,0x00000000fb400000)
  to   space 57856K, 0% used [0x00000000fc000000,0x00000000fc000000,0x00000000ff880000)
 ParOldGen       total 349696K, used 349695K [0x00000000e0000000, 0x00000000f5580000, 0x00000000f5580000)
  object space 349696K, 99% used [0x00000000e0000000,0x00000000f557fff0,0x00000000f5580000)
 Metaspace       used 81470K, committed 82496K, reserved 1130496K
  class space    used 7078K, committed 7552K, reserved 1048576K
}
Event: 3705.169 GC heap after
{Heap after GC invocations=3398 (full 3214):
 PSYoungGen      total 106496K, used 48639K [0x00000000f5580000, 0x00000000ff880000, 0x0000000100000000)
  eden space 48640K, 99% used [0x00000000f5580000,0x00000000f84fffe0,0x00000000f8500000)
  from space 57856K, 0% used [0x00000000fc000000,0x00000000fc000000,0x00000000ff880000)
  to   space 48128K, 0% used [0x00000000f8500000,0x00000000f8500000,0x00000000fb400000)
 ParOldGen       total 349696K, used 349695K [0x00000000e0000000, 0x00000000f5580000, 0x00000000f5580000)
  object space 349696K, 99% used [0x00000000e0000000,0x00000000f557fff0,0x00000000f5580000)
 Metaspace       used 81470K, committed 82496K, reserved 1130496K
  class space    used 7078K, committed 7552K, reserved 1048576K
}
Event: 3705.169 GC heap before
{Heap before GC invocations=3399 (full 3215):
 PSYoungGen      total 106496K, used 48639K [0x00000000f5580000, 0x00000000ff880000, 0x0000000100000000)
  eden space 48640K, 99% used [0x00000000f5580000,0x00000000f84fffe0,0x00000000f8500000)
  from space 57856K, 0% used [0x00000000fc000000,0x00000000fc000000,0x00000000ff880000)
  to   space 48128K, 0% used [0x00000000f8500000,0x00000000f8500000,0x00000000fb400000)
 ParOldGen       total 349696K, used 349695K [0x00000000e0000000, 0x00000000f5580000, 0x00000000f5580000)
  object space 349696K, 99% used [0x00000000e0000000,0x00000000f557fff0,0x00000000f5580000)
 Metaspace       used 81470K, committed 82496K, reserved 1130496K
  class space    used 7078K, committed 7552K, reserved 1048576K
}
Event: 3705.672 GC heap after
{Heap after GC invocations=3399 (full 3215):
 PSYoungGen      total 96768K, used 48639K [0x00000000f5580000, 0x00000000ff880000, 0x0000000100000000)
  eden space 48640K, 99% used [0x00000000f5580000,0x00000000f84fffe0,0x00000000f8500000)
  from space 48128K, 0% used [0x00000000f8500000,0x00000000f8500000,0x00000000fb400000)
  to   space 57856K, 0% used [0x00000000fc000000,0x00000000fc000000,0x00000000ff880000)
 ParOldGen       total 349696K, used 349695K [0x00000000e0000000, 0x00000000f5580000, 0x00000000f5580000)
  object space 349696K, 99% used [0x00000000e0000000,0x00000000f557fff0,0x00000000f5580000)
 Metaspace       used 81470K, committed 82496K, reserved 1130496K
  class space    used 7078K, committed 7552K, reserved 1048576K
}
Event: 3705.674 GC heap before
{Heap before GC invocations=3400 (full 3216):
 PSYoungGen      total 96768K, used 48639K [0x00000000f5580000, 0x00000000ff880000, 0x0000000100000000)
  eden space 48640K, 99% used [0x00000000f5580000,0x00000000f84ffff8,0x00000000f8500000)
  from space 48128K, 0% used [0x00000000f8500000,0x00000000f8500000,0x00000000fb400000)
  to   space 57856K, 0% used [0x00000000fc000000,0x00000000fc000000,0x00000000ff880000)
 ParOldGen       total 349696K, used 349695K [0x00000000e0000000, 0x00000000f5580000, 0x00000000f5580000)
  object space 349696K, 99% used [0x00000000e0000000,0x00000000f557fff0,0x00000000f5580000)
 Metaspace       used 81470K, committed 82496K, reserved 1130496K
  class space    used 7078K, committed 7552K, reserved 1048576K
}
Event: 3706.189 GC heap after
{Heap after GC invocations=3400 (full 3216):
 PSYoungGen      total 106496K, used 48639K [0x00000000f5580000, 0x00000000ff880000, 0x0000000100000000)
  eden space 48640K, 99% used [0x00000000f5580000,0x00000000f84ffff8,0x00000000f8500000)
  from space 57856K, 0% used [0x00000000fc000000,0x00000000fc000000,0x00000000ff880000)
  to   space 48128K, 0% used [0x00000000f8500000,0x00000000f8500000,0x00000000fb400000)
 ParOldGen       total 349696K, used 349695K [0x00000000e0000000, 0x00000000f5580000, 0x00000000f5580000)
  object space 349696K, 99% used [0x00000000e0000000,0x00000000f557fff0,0x00000000f5580000)
 Metaspace       used 81470K, committed 82496K, reserved 1130496K
  class space    used 7078K, committed 7552K, reserved 1048576K
}
Event: 3706.189 GC heap before
{Heap before GC invocations=3401 (full 3217):
 PSYoungGen      total 106496K, used 48639K [0x00000000f5580000, 0x00000000ff880000, 0x0000000100000000)
  eden space 48640K, 99% used [0x00000000f5580000,0x00000000f84ffff8,0x00000000f8500000)
  from space 57856K, 0% used [0x00000000fc000000,0x00000000fc000000,0x00000000ff880000)
  to   space 48128K, 0% used [0x00000000f8500000,0x00000000f8500000,0x00000000fb400000)
 ParOldGen       total 349696K, used 349695K [0x00000000e0000000, 0x00000000f5580000, 0x00000000f5580000)
  object space 349696K, 99% used [0x00000000e0000000,0x00000000f557fff0,0x00000000f5580000)
 Metaspace       used 81470K, committed 82496K, reserved 1130496K
  class space    used 7078K, committed 7552K, reserved 1048576K
}
Event: 3706.690 GC heap after
{Heap after GC invocations=3401 (full 3217):
 PSYoungGen      total 96768K, used 48639K [0x00000000f5580000, 0x00000000ff880000, 0x0000000100000000)
  eden space 48640K, 99% used [0x00000000f5580000,0x00000000f84ffff8,0x00000000f8500000)
  from space 48128K, 0% used [0x00000000f8500000,0x00000000f8500000,0x00000000fb400000)
  to   space 57856K, 0% used [0x00000000fc000000,0x00000000fc000000,0x00000000ff880000)
 ParOldGen       total 349696K, used 349695K [0x00000000e0000000, 0x00000000f5580000, 0x00000000f5580000)
  object space 349696K, 99% used [0x00000000e0000000,0x00000000f557fff0,0x00000000f5580000)
 Metaspace       used 81470K, committed 82496K, reserved 1130496K
  class space    used 7078K, committed 7552K, reserved 1048576K
}

