# JRE version: OpenJDK Runtime Environment GraalVM CE 22.3.0 (17.0.5+8) (build 17.0.5+8-jvmci-22.3-b08)
# Java VM: OpenJDK 64-Bit Server VM GraalVM CE 22.3.0 (17.0.5+8-jvmci-22.3-b08, mixed mode, sharing, tiered, jvmci, jvmci compiler, compressed oops, compressed class ptrs, parallel gc, linux-amd64)
GC Precious Log:
 CPUs: 16 total, 2 available
 Memory: 3215M
 Large Page Support: Disabled
 NUMA Support: Disabled
 Compressed Oops: Enabled (32-bit)
 Alignments: Space 512K, Generation 512K, Heap 2M
 Heap Min Capacity: 100M
 Heap Initial Capacity: 100M
 Heap Max Capacity: 512M
 Pre-touch: Disabled
 Parallel Workers: 2
Heap:
 PSYoungGen      total 25088K, used 6317K [0x00000000f5580000, 0x00000000f7000000, 0x0000000100000000)
  eden space 23552K, 21% used [0x00000000f5580000,0x00000000f5a54d50,0x00000000f6c80000)
  from space 1536K, 89% used [0x00000000f6e80000,0x00000000f6fd6910,0x00000000f7000000)
  to   space 1536K, 0% used [0x00000000f6d00000,0x00000000f6d00000,0x00000000f6e80000)
 ParOldGen       total 349696K, used 47537K [0x00000000e0000000, 0x00000000f5580000, 0x00000000f5580000)
  object space 349696K, 13% used [0x00000000e0000000,0x00000000e2e6c618,0x00000000f5580000)
 Metaspace       used 61053K, committed 61952K, reserved 1105920K
  class space    used 5396K, committed 5760K, reserved 1048576K
GC Heap History (20 events):
Event: 3240.548 GC heap before
{Heap before GC invocations=43 (full 3):
 PSYoungGen      total 16384K, used 5077K [0x00000000f5580000, 0x00000000f6b80000, 0x0000000100000000)
  eden space 15360K, 26% used [0x00000000f5580000,0x00000000f5978450,0x00000000f6480000)
  from space 1024K, 98% used [0x00000000f6880000,0x00000000f697d200,0x00000000f6980000)
  to   space 3584K, 0% used [0x00000000f6480000,0x00000000f6480000,0x00000000f6800000)
 ParOldGen       total 349696K, used 47813K [0x00000000e0000000, 0x00000000f5580000, 0x00000000f5580000)
  object space 349696K, 13% used [0x00000000e0000000,0x00000000e2eb14a0,0x00000000f5580000)
 Metaspace       used 59571K, committed 60544K, reserved 1105920K
  class space    used 5366K, committed 5760K, reserved 1048576K
}
Event: 3240.580 GC heap after
{Heap after GC invocations=43 (full 3):
 PSYoungGen      total 15872K, used 192K [0x00000000f5580000, 0x00000000f6900000, 0x0000000100000000)
  eden space 15360K, 0% used [0x00000000f5580000,0x00000000f5580000,0x00000000f6480000)
  from space 512K, 37% used [0x00000000f6480000,0x00000000f64b0000,0x00000000f6500000)
  to   space 1536K, 0% used [0x00000000f6780000,0x00000000f6780000,0x00000000f6900000)
 ParOldGen       total 349696K, used 48835K [0x00000000e0000000, 0x00000000f5580000, 0x00000000f5580000)
  object space 349696K, 13% used [0x00000000e0000000,0x00000000e2fb0fc0,0x00000000f5580000)
 Metaspace       used 59571K, committed 60544K, reserved 1105920K
  class space    used 5366K, committed 5760K, reserved 1048576K
}
Event: 3240.580 GC heap before
{Heap before GC invocations=44 (full 3):
 PSYoungGen      total 15872K, used 192K [0x00000000f5580000, 0x00000000f6900000, 0x0000000100000000)
  eden space 15360K, 0% used [0x00000000f5580000,0x00000000f5580000,0x00000000f6480000)
  from space 512K, 37% used [0x00000000f6480000,0x00000000f64b0000,0x00000000f6500000)
  to   space 1536K, 0% used [0x00000000f6780000,0x00000000f6780000,0x00000000f6900000)
 ParOldGen       total 349696K, used 48835K [0x00000000e0000000, 0x00000000f5580000, 0x00000000f5580000)
  object space 349696K, 13% used [0x00000000e0000000,0x00000000e2fb0fc0,0x00000000f5580000)
 Metaspace       used 59571K, committed 60544K, reserved 1105920K
  class space    used 5366K, committed 5760K, reserved 1048576K
}
Event: 3240.587 GC heap after
{Heap after GC invocations=44 (full 3):
 PSYoungGen      total 19456K, used 0K [0x00000000f5580000, 0x00000000f6900000, 0x0000000100000000)
  eden space 17920K, 0% used [0x00000000f5580000,0x00000000f5580000,0x00000000f6700000)
  from space 1536K, 0% used [0x00000000f6780000,0x00000000f6780000,0x00000000f6900000)
  to   space 512K, 0% used [0x00000000f6700000,0x00000000f6700000,0x00000000f6780000)
 ParOldGen       total 349696K, used 49000K [0x00000000e0000000, 0x00000000f5580000, 0x00000000f5580000)
  object space 349696K, 14% used [0x00000000e0000000,0x00000000e2fda050,0x00000000f5580000)
 Metaspace       used 59571K, committed 60544K, reserved 1105920K
  class space    used 5366K, committed 5760K, reserved 1048576K
}
Event: 3240.587 GC heap before
{Heap before GC invocations=45 (full 4):
 PSYoungGen      total 19456K, used 0K [0x00000000f5580000, 0x00000000f6900000, 0x0000000100000000)
  eden space 17920K, 0% used [0x00000000f5580000,0x00000000f5580000,0x00000000f6700000)
  from space 1536K, 0% used [0x00000000f6780000,0x00000000f6780000,0x00000000f6900000)
  to   space 512K, 0% used [0x00000000f6700000,0x00000000f6700000,0x00000000f6780000)
 ParOldGen       total 349696K, used 49000K [0x00000000e0000000, 0x00000000f5580000, 0x00000000f5580000)
  object space 349696K, 14% used [0x00000000e0000000,0x00000000e2fda050,0x00000000f5580000)
 Metaspace       used 59571K, committed 60544K, reserved 1105920K
  class space    used 5366K, committed 5760K, reserved 1048576K
}
Event: 3241.107 GC heap after
{Heap after GC invocations=45 (full 4):
 PSYoungGen      total 18432K, used 0K [0x00000000f5580000, 0x00000000f6c00000, 0x0000000100000000)
  eden space 17920K, 0% used [0x00000000f5580000,0x00000000f5580000,0x00000000f6700000)
  from space 512K, 0% used [0x00000000f6700000,0x00000000f6700000,0x00000000f6780000)
  to   space 512K, 0% used [0x00000000f6b80000,0x00000000f6b80000,0x00000000f6c00000)
 ParOldGen       total 70144K, used 43873K [0x00000000e0000000, 0x00000000e4480000, 0x00000000f5580000)
  object space 70144K, 62% used [0x00000000e0000000,0x00000000e2ad8758,0x00000000e4480000)
 Metaspace       used 59571K, committed 60544K, reserved 1105920K
  class space    used 5366K, committed 5760K, reserved 1048576K
}
Event: 3241.123 GC heap before
{Heap before GC invocations=46 (full 4):
 PSYoungGen      total 18432K, used 0K [0x00000000f5580000, 0x00000000f6c00000, 0x0000000100000000)
  eden space 17920K, 0% used [0x00000000f5580000,0x00000000f5580000,0x00000000f6700000)
  from space 512K, 0% used [0x00000000f6700000,0x00000000f6700000,0x00000000f6780000)
  to   space 512K, 0% used [0x00000000f6b80000,0x00000000f6b80000,0x00000000f6c00000)
 ParOldGen       total 349696K, used 43873K [0x00000000e0000000, 0x00000000f5580000, 0x00000000f5580000)
  object space 349696K, 12% used [0x00000000e0000000,0x00000000e2ad8758,0x00000000f5580000)
 Metaspace       used 59571K, committed 60544K, reserved 1105920K
  class space    used 5366K, committed 5760K, reserved 1048576K
}
Event: 3241.128 GC heap after
{Heap after GC invocations=46 (full 4):
 PSYoungGen      total 18432K, used 0K [0x00000000f5580000, 0x00000000f6c00000, 0x0000000100000000)
  eden space 17920K, 0% used [0x00000000f5580000,0x00000000f5580000,0x00000000f6700000)
  from space 512K, 0% used [0x00000000f6b80000,0x00000000f6b80000,0x00000000f6c00000)
  to   space 512K, 0% used [0x00000000f6700000,0x00000000f6700000,0x00000000f6780000)
 ParOldGen       total 349696K, used 43873K [0x00000000e0000000, 0x00000000f5580000, 0x00000000f5580000)
  object space 349696K, 12% used [0x00000000e0000000,0x00000000e2ad8758,0x00000000f5580000)
 Metaspace       used 59571K, committed 60544K, reserved 1105920K
  class space    used 5366K, committed 5760K, reserved 1048576K
}
Event: 3241.128 GC heap before
{Heap before GC invocations=47 (full 5):
 PSYoungGen      total 18432K, used 0K [0x00000000f5580000, 0x00000000f6c00000, 0x0000000100000000)
  eden space 17920K, 0% used [0x00000000f5580000,0x00000000f5580000,0x00000000f6700000)
  from space 512K, 0% used [0x00000000f6b80000,0x00000000f6b80000,0x00000000f6c00000)
  to   space 512K, 0% used [0x00000000f6700000,0x00000000f6700000,0x00000000f6780000)
 ParOldGen       total 349696K, used 43873K [0x00000000e0000000, 0x00000000f5580000, 0x00000000f5580000)
  object space 349696K, 12% used [0x00000000e0000000,0x00000000e2ad8758,0x00000000f5580000)
 Metaspace       used 59571K, committed 60544K, reserved 1105920K
  class space    used 5366K, committed 5760K, reserved 1048576K
}
Event: 3242.312 GC heap after
{Heap after GC invocations=47 (full 5):
 PSYoungGen      total 18432K, used 0K [0x00000000f5580000, 0x00000000f6c00000, 0x0000000100000000)
  eden space 17920K, 0% used [0x00000000f5580000,0x00000000f5580000,0x00000000f6700000)
  from space 512K, 0% used [0x00000000f6700000,0x00000000f6700000,0x00000000f6780000)
  to   space 512K, 0% used [0x00000000f6b80000,0x00000000f6b80000,0x00000000f6c00000)
 ParOldGen       total 79872K, used 43800K [0x00000000e0000000, 0x00000000e4e00000, 0x00000000f5580000)
  object space 79872K, 54% used [0x00000000e0000000,0x00000000e2ac6180,0x00000000e4e00000)
 Metaspace       used 59560K, committed 60544K, reserved 1105920K
  class space    used 5364K, committed 5760K, reserved 1048576K
}
Event: 3244.231 GC heap before
{Heap before GC invocations=48 (full 5):
 PSYoungGen      total 18432K, used 17920K [0x00000000f5580000, 0x00000000f6c00000, 0x0000000100000000)
  eden space 17920K, 100% used [0x00000000f5580000,0x00000000f6700000,0x00000000f6700000)
  from space 512K, 0% used [0x00000000f6700000,0x00000000f6700000,0x00000000f6780000)
  to   space 512K, 0% used [0x00000000f6b80000,0x00000000f6b80000,0x00000000f6c00000)
 ParOldGen       total 349696K, used 43800K [0x00000000e0000000, 0x00000000f5580000, 0x00000000f5580000)
  object space 349696K, 12% used [0x00000000e0000000,0x00000000e2ac6180,0x00000000f5580000)
 Metaspace       used 59951K, committed 60864K, reserved 1105920K
  class space    used 5381K, committed 5760K, reserved 1048576K
}
Event: 3244.260 GC heap after
{Heap after GC invocations=48 (full 5):
 PSYoungGen      total 19968K, used 480K [0x00000000f5580000, 0x00000000f6c00000, 0x0000000100000000)
  eden space 19456K, 0% used [0x00000000f5580000,0x00000000f5580000,0x00000000f6880000)
  from space 512K, 93% used [0x00000000f6b80000,0x00000000f6bf8000,0x00000000f6c00000)
  to   space 1024K, 0% used [0x00000000f6a00000,0x00000000f6a00000,0x00000000f6b00000)
 ParOldGen       total 349696K, used 43808K [0x00000000e0000000, 0x00000000f5580000, 0x00000000f5580000)
  object space 349696K, 12% used [0x00000000e0000000,0x00000000e2ac8180,0x00000000f5580000)
 Metaspace       used 59951K, committed 60864K, reserved 1105920K
  class space    used 5381K, committed 5760K, reserved 1048576K
}
Event: 3248.928 GC heap before
{Heap before GC invocations=49 (full 5):
 PSYoungGen      total 19968K, used 19936K [0x00000000f5580000, 0x00000000f6c00000, 0x0000000100000000)
  eden space 19456K, 100% used [0x00000000f5580000,0x00000000f6880000,0x00000000f6880000)
  from space 512K, 93% used [0x00000000f6b80000,0x00000000f6bf8000,0x00000000f6c00000)
  to   space 1024K, 0% used [0x00000000f6a00000,0x00000000f6a00000,0x00000000f6b00000)
 ParOldGen       total 349696K, used 43808K [0x00000000e0000000, 0x00000000f5580000, 0x00000000f5580000)
  object space 349696K, 12% used [0x00000000e0000000,0x00000000e2ac8180,0x00000000f5580000)
 Metaspace       used 60173K, committed 61056K, reserved 1105920K
  class space    used 5386K, committed 5760K, reserved 1048576K
}
Event: 3249.005 GC heap after
{Heap after GC invocations=49 (full 5):
 PSYoungGen      total 22016K, used 1002K [0x00000000f5580000, 0x00000000f7000000, 0x0000000100000000)
  eden space 20992K, 0% used [0x00000000f5580000,0x00000000f5580000,0x00000000f6a00000)
  from space 1024K, 97% used [0x00000000f6a00000,0x00000000f6afa910,0x00000000f6b00000)
  to   space 3072K, 0% used [0x00000000f6d00000,0x00000000f6d00000,0x00000000f7000000)
 ParOldGen       total 349696K, used 45361K [0x00000000e0000000, 0x00000000f5580000, 0x00000000f5580000)
  object space 349696K, 12% used [0x00000000e0000000,0x00000000e2c4c758,0x00000000f5580000)
 Metaspace       used 60173K, committed 61056K, reserved 1105920K
  class space    used 5386K, committed 5760K, reserved 1048576K
}
Event: 3250.004 GC heap before
{Heap before GC invocations=50 (full 5):
 PSYoungGen      total 22016K, used 21994K [0x00000000f5580000, 0x00000000f7000000, 0x0000000100000000)
  eden space 20992K, 100% used [0x00000000f5580000,0x00000000f6a00000,0x00000000f6a00000)
  from space 1024K, 97% used [0x00000000f6a00000,0x00000000f6afa910,0x00000000f6b00000)
  to   space 3072K, 0% used [0x00000000f6d00000,0x00000000f6d00000,0x00000000f7000000)
 ParOldGen       total 349696K, used 45361K [0x00000000e0000000, 0x00000000f5580000, 0x00000000f5580000)
  object space 349696K, 12% used [0x00000000e0000000,0x00000000e2c4c758,0x00000000f5580000)
 Metaspace       used 60501K, committed 61440K, reserved 1105920K
  class space    used 5388K, committed 5760K, reserved 1048576K
}
Event: 3250.034 GC heap after
{Heap after GC invocations=50 (full 5):
 PSYoungGen      total 24064K, used 352K [0x00000000f5580000, 0x00000000f6e80000, 0x0000000100000000)
  eden space 22528K, 0% used [0x00000000f5580000,0x00000000f5580000,0x00000000f6b80000)
  from space 1536K, 22% used [0x00000000f6d00000,0x00000000f6d58000,0x00000000f6e80000)
  to   space 1536K, 0% used [0x00000000f6b80000,0x00000000f6b80000,0x00000000f6d00000)
 ParOldGen       total 349696K, used 46356K [0x00000000e0000000, 0x00000000f5580000, 0x00000000f5580000)
  object space 349696K, 13% used [0x00000000e0000000,0x00000000e2d45040,0x00000000f5580000)
 Metaspace       used 60501K, committed 61440K, reserved 1105920K
  class space    used 5388K, committed 5760K, reserved 1048576K
}
Event: 3958.522 GC heap before
{Heap before GC invocations=51 (full 5):
 PSYoungGen      total 24064K, used 22880K [0x00000000f5580000, 0x00000000f6e80000, 0x0000000100000000)
  eden space 22528K, 100% used [0x00000000f5580000,0x00000000f6b80000,0x00000000f6b80000)
  from space 1536K, 22% used [0x00000000f6d00000,0x00000000f6d58000,0x00000000f6e80000)
  to   space 1536K, 0% used [0x00000000f6b80000,0x00000000f6b80000,0x00000000f6d00000)
 ParOldGen       total 349696K, used 46356K [0x00000000e0000000, 0x00000000f5580000, 0x00000000f5580000)
  object space 349696K, 13% used [0x00000000e0000000,0x00000000e2d45040,0x00000000f5580000)
 Metaspace       used 60704K, committed 61632K, reserved 1105920K
  class space    used 5389K, committed 5760K, reserved 1048576K
}
Event: 3958.525 GC heap after
{Heap after GC invocations=51 (full 5):
 PSYoungGen      total 24064K, used 1531K [0x00000000f5580000, 0x00000000f7080000, 0x0000000100000000)
  eden space 22528K, 0% used [0x00000000f5580000,0x00000000f5580000,0x00000000f6b80000)
  from space 1536K, 99% used [0x00000000f6b80000,0x00000000f6cfef78,0x00000000f6d00000)
  to   space 2048K, 0% used [0x00000000f6e80000,0x00000000f6e80000,0x00000000f7080000)
 ParOldGen       total 349696K, used 46388K [0x00000000e0000000, 0x00000000f5580000, 0x00000000f5580000)
  object space 349696K, 13% used [0x00000000e0000000,0x00000000e2d4d040,0x00000000f5580000)
 Metaspace       used 60704K, committed 61632K, reserved 1105920K
  class space    used 5389K, committed 5760K, reserved 1048576K
}
Event: 3960.761 GC heap before
{Heap before GC invocations=52 (full 5):
 PSYoungGen      total 24064K, used 24059K [0x00000000f5580000, 0x00000000f7080000, 0x0000000100000000)
  eden space 22528K, 100% used [0x00000000f5580000,0x00000000f6b80000,0x00000000f6b80000)
  from space 1536K, 99% used [0x00000000f6b80000,0x00000000f6cfef78,0x00000000f6d00000)
  to   space 2048K, 0% used [0x00000000f6e80000,0x00000000f6e80000,0x00000000f7080000)
 ParOldGen       total 349696K, used 46388K [0x00000000e0000000, 0x00000000f5580000, 0x00000000f5580000)
  object space 349696K, 13% used [0x00000000e0000000,0x00000000e2d4d040,0x00000000f5580000)
 Metaspace       used 60933K, committed 61824K, reserved 1105920K
  class space    used 5389K, committed 5760K, reserved 1048576K
}
Event: 3960.766 GC heap after
{Heap after GC invocations=52 (full 5):
 PSYoungGen      total 25088K, used 1370K [0x00000000f5580000, 0x00000000f7000000, 0x0000000100000000)
  eden space 23552K, 0% used [0x00000000f5580000,0x00000000f5580000,0x00000000f6c80000)
  from space 1536K, 89% used [0x00000000f6e80000,0x00000000f6fd6910,0x00000000f7000000)
  to   space 1536K, 0% used [0x00000000f6d00000,0x00000000f6d00000,0x00000000f6e80000)
 ParOldGen       total 349696K, used 47537K [0x00000000e0000000, 0x00000000f5580000, 0x00000000f5580000)
  object space 349696K, 13% used [0x00000000e0000000,0x00000000e2e6c618,0x00000000f5580000)
 Metaspace       used 60933K, committed 61824K, reserved 1105920K
  class space    used 5389K, committed 5760K, reserved 1048576K
}

