# JRE version: OpenJDK Runtime Environment GraalVM CE 22.3.0 (17.0.5+8) (build 17.0.5+8-jvmci-22.3-b08)
# Java VM: OpenJDK 64-Bit Server VM GraalVM CE 22.3.0 (17.0.5+8-jvmci-22.3-b08, mixed mode, sharing, tiered, jvmci, jvmci compiler, compressed oops, compressed class ptrs, parallel gc, linux-amd64)
GC Precious Log:
 CPUs: 8 total, 3 available
 Memory: 3215M
 Large Page Support: Disabled
 NUMA Support: Disabled
 Compressed Oops: Enabled (32-bit)
 Alignments: Space 512K, Generation 512K, Heap 2M
 Heap Min Capacity: 100M
 Heap Initial Capacity: 100M
 Heap Max Capacity: 512M
 Pre-touch: Disabled
 Parallel Workers: 3
Heap:
 PSYoungGen      total 44544K, used 31743K [0x00000000f5580000, 0x00000000f8e80000, 0x0000000100000000)
  eden space 31744K, 99% used [0x00000000f5580000,0x00000000f747fff8,0x00000000f7480000)
  from space 12800K, 0% used [0x00000000f7480000,0x00000000f7480000,0x00000000f8100000)
  to   space 12288K, 0% used [0x00000000f8100000,0x00000000f8100000,0x00000000f8d00000)
 ParOldGen       total 349696K, used 349695K [0x00000000e0000000, 0x00000000f5580000, 0x00000000f5580000)
  object space 349696K, 99% used [0x00000000e0000000,0x00000000f557fff8,0x00000000f5580000)
 Metaspace       used 66969K, committed 67904K, reserved 1114112K
  class space    used 5779K, committed 6144K, reserved 1048576K
GC Heap History (20 events):
Event: 373.695 GC heap before
{Heap before GC invocations=562 (full 405):
 PSYoungGen      total 44544K, used 31744K [0x00000000f5580000, 0x00000000f8e80000, 0x0000000100000000)
  eden space 31744K, 100% used [0x00000000f5580000,0x00000000f7480000,0x00000000f7480000)
  from space 12800K, 0% used [0x00000000f7480000,0x00000000f7480000,0x00000000f8100000)
  to   space 12288K, 0% used [0x00000000f8100000,0x00000000f8100000,0x00000000f8d00000)
 ParOldGen       total 349696K, used 349695K [0x00000000e0000000, 0x00000000f5580000, 0x00000000f5580000)
  object space 349696K, 99% used [0x00000000e0000000,0x00000000f557fff8,0x00000000f5580000)
 Metaspace       used 66969K, committed 67904K, reserved 1114112K
  class space    used 5779K, committed 6144K, reserved 1048576K
}
Event: 374.298 GC heap after
{Heap after GC invocations=562 (full 405):
 PSYoungGen      total 44032K, used 31743K [0x00000000f5580000, 0x00000000f8e80000, 0x0000000100000000)
  eden space 31744K, 99% used [0x00000000f5580000,0x00000000f747ffe0,0x00000000f7480000)
  from space 12288K, 0% used [0x00000000f8100000,0x00000000f8100000,0x00000000f8d00000)
  to   space 12800K, 0% used [0x00000000f7480000,0x00000000f7480000,0x00000000f8100000)
 ParOldGen       total 349696K, used 349695K [0x00000000e0000000, 0x00000000f5580000, 0x00000000f5580000)
  object space 349696K, 99% used [0x00000000e0000000,0x00000000f557fff8,0x00000000f5580000)
 Metaspace       used 66969K, committed 67904K, reserved 1114112K
  class space    used 5779K, committed 6144K, reserved 1048576K
}
Event: 374.300 GC heap before
{Heap before GC invocations=563 (full 406):
 PSYoungGen      total 44032K, used 31744K [0x00000000f5580000, 0x00000000f8e80000, 0x0000000100000000)
  eden space 31744K, 100% used [0x00000000f5580000,0x00000000f7480000,0x00000000f7480000)
  from space 12288K, 0% used [0x00000000f8100000,0x00000000f8100000,0x00000000f8d00000)
  to   space 12800K, 0% used [0x00000000f7480000,0x00000000f7480000,0x00000000f8100000)
 ParOldGen       total 349696K, used 349695K [0x00000000e0000000, 0x00000000f5580000, 0x00000000f5580000)
  object space 349696K, 99% used [0x00000000e0000000,0x00000000f557fff8,0x00000000f5580000)
 Metaspace       used 66969K, committed 67904K, reserved 1114112K
  class space    used 5779K, committed 6144K, reserved 1048576K
}
Event: 374.828 GC heap after
{Heap after GC invocations=563 (full 406):
 PSYoungGen      total 44544K, used 31743K [0x00000000f5580000, 0x00000000f8e80000, 0x0000000100000000)
  eden space 31744K, 99% used [0x00000000f5580000,0x00000000f747ffe0,0x00000000f7480000)
  from space 12800K, 0% used [0x00000000f7480000,0x00000000f7480000,0x00000000f8100000)
  to   space 12288K, 0% used [0x00000000f8100000,0x00000000f8100000,0x00000000f8d00000)
 ParOldGen       total 349696K, used 349695K [0x00000000e0000000, 0x00000000f5580000, 0x00000000f5580000)
  object space 349696K, 99% used [0x00000000e0000000,0x00000000f557fff8,0x00000000f5580000)
 Metaspace       used 66969K, committed 67904K, reserved 1114112K
  class space    used 5779K, committed 6144K, reserved 1048576K
}
Event: 374.831 GC heap before
{Heap before GC invocations=564 (full 407):
 PSYoungGen      total 44544K, used 31744K [0x00000000f5580000, 0x00000000f8e80000, 0x0000000100000000)
  eden space 31744K, 100% used [0x00000000f5580000,0x00000000f7480000,0x00000000f7480000)
  from space 12800K, 0% used [0x00000000f7480000,0x00000000f7480000,0x00000000f8100000)
  to   space 12288K, 0% used [0x00000000f8100000,0x00000000f8100000,0x00000000f8d00000)
 ParOldGen       total 349696K, used 349695K [0x00000000e0000000, 0x00000000f5580000, 0x00000000f5580000)
  object space 349696K, 99% used [0x00000000e0000000,0x00000000f557fff8,0x00000000f5580000)
 Metaspace       used 66969K, committed 67904K, reserved 1114112K
  class space    used 5779K, committed 6144K, reserved 1048576K
}
Event: 375.295 GC heap after
{Heap after GC invocations=564 (full 407):
 PSYoungGen      total 44032K, used 31743K [0x00000000f5580000, 0x00000000f8e80000, 0x0000000100000000)
  eden space 31744K, 99% used [0x00000000f5580000,0x00000000f747ffe0,0x00000000f7480000)
  from space 12288K, 0% used [0x00000000f8100000,0x00000000f8100000,0x00000000f8d00000)
  to   space 12800K, 0% used [0x00000000f7480000,0x00000000f7480000,0x00000000f8100000)
 ParOldGen       total 349696K, used 349695K [0x00000000e0000000, 0x00000000f5580000, 0x00000000f5580000)
  object space 349696K, 99% used [0x00000000e0000000,0x00000000f557fff8,0x00000000f5580000)
 Metaspace       used 66969K, committed 67904K, reserved 1114112K
  class space    used 5779K, committed 6144K, reserved 1048576K
}
Event: 375.300 GC heap before
{Heap before GC invocations=565 (full 408):
 PSYoungGen      total 44032K, used 31744K [0x00000000f5580000, 0x00000000f8e80000, 0x0000000100000000)
  eden space 31744K, 100% used [0x00000000f5580000,0x00000000f7480000,0x00000000f7480000)
  from space 12288K, 0% used [0x00000000f8100000,0x00000000f8100000,0x00000000f8d00000)
  to   space 12800K, 0% used [0x00000000f7480000,0x00000000f7480000,0x00000000f8100000)
 ParOldGen       total 349696K, used 349695K [0x00000000e0000000, 0x00000000f5580000, 0x00000000f5580000)
  object space 349696K, 99% used [0x00000000e0000000,0x00000000f557fff8,0x00000000f5580000)
 Metaspace       used 66969K, committed 67904K, reserved 1114112K
  class space    used 5779K, committed 6144K, reserved 1048576K
}
Event: 375.883 GC heap after
{Heap after GC invocations=565 (full 408):
 PSYoungGen      total 44544K, used 31743K [0x00000000f5580000, 0x00000000f8e80000, 0x0000000100000000)
  eden space 31744K, 99% used [0x00000000f5580000,0x00000000f747ffe0,0x00000000f7480000)
  from space 12800K, 0% used [0x00000000f7480000,0x00000000f7480000,0x00000000f8100000)
  to   space 12288K, 0% used [0x00000000f8100000,0x00000000f8100000,0x00000000f8d00000)
 ParOldGen       total 349696K, used 349695K [0x00000000e0000000, 0x00000000f5580000, 0x00000000f5580000)
  object space 349696K, 99% used [0x00000000e0000000,0x00000000f557fff8,0x00000000f5580000)
 Metaspace       used 66969K, committed 67904K, reserved 1114112K
  class space    used 5779K, committed 6144K, reserved 1048576K
}
Event: 375.884 GC heap before
{Heap before GC invocations=566 (full 409):
 PSYoungGen      total 44544K, used 31744K [0x00000000f5580000, 0x00000000f8e80000, 0x0000000100000000)
  eden space 31744K, 100% used [0x00000000f5580000,0x00000000f7480000,0x00000000f7480000)
  from space 12800K, 0% used [0x00000000f7480000,0x00000000f7480000,0x00000000f8100000)
  to   space 12288K, 0% used [0x00000000f8100000,0x00000000f8100000,0x00000000f8d00000)
 ParOldGen       total 349696K, used 349695K [0x00000000e0000000, 0x00000000f5580000, 0x00000000f5580000)
  object space 349696K, 99% used [0x00000000e0000000,0x00000000f557fff8,0x00000000f5580000)
 Metaspace       used 66969K, committed 67904K, reserved 1114112K
  class space    used 5779K, committed 6144K, reserved 1048576K
}
Event: 376.401 GC heap after
{Heap after GC invocations=566 (full 409):
 PSYoungGen      total 44032K, used 31743K [0x00000000f5580000, 0x00000000f8e80000, 0x0000000100000000)
  eden space 31744K, 99% used [0x00000000f5580000,0x00000000f747ffe0,0x00000000f7480000)
  from space 12288K, 0% used [0x00000000f8100000,0x00000000f8100000,0x00000000f8d00000)
  to   space 12800K, 0% used [0x00000000f7480000,0x00000000f7480000,0x00000000f8100000)
 ParOldGen       total 349696K, used 349695K [0x00000000e0000000, 0x00000000f5580000, 0x00000000f5580000)
  object space 349696K, 99% used [0x00000000e0000000,0x00000000f557fff8,0x00000000f5580000)
 Metaspace       used 66969K, committed 67904K, reserved 1114112K
  class space    used 5779K, committed 6144K, reserved 1048576K
}
Event: 376.401 GC heap before
{Heap before GC invocations=567 (full 410):
 PSYoungGen      total 44032K, used 31744K [0x00000000f5580000, 0x00000000f8e80000, 0x0000000100000000)
  eden space 31744K, 100% used [0x00000000f5580000,0x00000000f7480000,0x00000000f7480000)
  from space 12288K, 0% used [0x00000000f8100000,0x00000000f8100000,0x00000000f8d00000)
  to   space 12800K, 0% used [0x00000000f7480000,0x00000000f7480000,0x00000000f8100000)
 ParOldGen       total 349696K, used 349695K [0x00000000e0000000, 0x00000000f5580000, 0x00000000f5580000)
  object space 349696K, 99% used [0x00000000e0000000,0x00000000f557fff8,0x00000000f5580000)
 Metaspace       used 66969K, committed 67904K, reserved 1114112K
  class space    used 5779K, committed 6144K, reserved 1048576K
}
Event: 376.863 GC heap after
{Heap after GC invocations=567 (full 410):
 PSYoungGen      total 44544K, used 31743K [0x00000000f5580000, 0x00000000f8e80000, 0x0000000100000000)
  eden space 31744K, 99% used [0x00000000f5580000,0x00000000f747ffe0,0x00000000f7480000)
  from space 12800K, 0% used [0x00000000f7480000,0x00000000f7480000,0x00000000f8100000)
  to   space 12288K, 0% used [0x00000000f8100000,0x00000000f8100000,0x00000000f8d00000)
 ParOldGen       total 349696K, used 349695K [0x00000000e0000000, 0x00000000f5580000, 0x00000000f5580000)
  object space 349696K, 99% used [0x00000000e0000000,0x00000000f557fff8,0x00000000f5580000)
 Metaspace       used 66969K, committed 67904K, reserved 1114112K
  class space    used 5779K, committed 6144K, reserved 1048576K
}
Event: 376.863 GC heap before
{Heap before GC invocations=568 (full 411):
 PSYoungGen      total 44544K, used 31744K [0x00000000f5580000, 0x00000000f8e80000, 0x0000000100000000)
  eden space 31744K, 100% used [0x00000000f5580000,0x00000000f7480000,0x00000000f7480000)
  from space 12800K, 0% used [0x00000000f7480000,0x00000000f7480000,0x00000000f8100000)
  to   space 12288K, 0% used [0x00000000f8100000,0x00000000f8100000,0x00000000f8d00000)
 ParOldGen       total 349696K, used 349695K [0x00000000e0000000, 0x00000000f5580000, 0x00000000f5580000)
  object space 349696K, 99% used [0x00000000e0000000,0x00000000f557fff8,0x00000000f5580000)
 Metaspace       used 66969K, committed 67904K, reserved 1114112K
  class space    used 5779K, committed 6144K, reserved 1048576K
}
Event: 377.714 GC heap after
{Heap after GC invocations=568 (full 411):
 PSYoungGen      total 44032K, used 31743K [0x00000000f5580000, 0x00000000f8e80000, 0x0000000100000000)
  eden space 31744K, 99% used [0x00000000f5580000,0x00000000f747ffe0,0x00000000f7480000)
  from space 12288K, 0% used [0x00000000f8100000,0x00000000f8100000,0x00000000f8d00000)
  to   space 12800K, 0% used [0x00000000f7480000,0x00000000f7480000,0x00000000f8100000)
 ParOldGen       total 349696K, used 349695K [0x00000000e0000000, 0x00000000f5580000, 0x00000000f5580000)
  object space 349696K, 99% used [0x00000000e0000000,0x00000000f557fff8,0x00000000f5580000)
 Metaspace       used 66969K, committed 67904K, reserved 1114112K
  class space    used 5779K, committed 6144K, reserved 1048576K
}
Event: 377.714 GC heap before
{Heap before GC invocations=569 (full 412):
 PSYoungGen      total 44032K, used 31743K [0x00000000f5580000, 0x00000000f8e80000, 0x0000000100000000)
  eden space 31744K, 99% used [0x00000000f5580000,0x00000000f747fff0,0x00000000f7480000)
  from space 12288K, 0% used [0x00000000f8100000,0x00000000f8100000,0x00000000f8d00000)
  to   space 12800K, 0% used [0x00000000f7480000,0x00000000f7480000,0x00000000f8100000)
 ParOldGen       total 349696K, used 349695K [0x00000000e0000000, 0x00000000f5580000, 0x00000000f5580000)
  object space 349696K, 99% used [0x00000000e0000000,0x00000000f557fff8,0x00000000f5580000)
 Metaspace       used 66969K, committed 67904K, reserved 1114112K
  class space    used 5779K, committed 6144K, reserved 1048576K
}
Event: 378.326 GC heap after
{Heap after GC invocations=569 (full 412):
 PSYoungGen      total 44544K, used 31743K [0x00000000f5580000, 0x00000000f8e80000, 0x0000000100000000)
  eden space 31744K, 99% used [0x00000000f5580000,0x00000000f747ffe0,0x00000000f7480000)
  from space 12800K, 0% used [0x00000000f7480000,0x00000000f7480000,0x00000000f8100000)
  to   space 12288K, 0% used [0x00000000f8100000,0x00000000f8100000,0x00000000f8d00000)
 ParOldGen       total 349696K, used 349695K [0x00000000e0000000, 0x00000000f5580000, 0x00000000f5580000)
  object space 349696K, 99% used [0x00000000e0000000,0x00000000f557fff8,0x00000000f5580000)
 Metaspace       used 66969K, committed 67904K, reserved 1114112K
  class space    used 5779K, committed 6144K, reserved 1048576K
}
Event: 378.333 GC heap before
{Heap before GC invocations=570 (full 413):
 PSYoungGen      total 44544K, used 31743K [0x00000000f5580000, 0x00000000f8e80000, 0x0000000100000000)
  eden space 31744K, 99% used [0x00000000f5580000,0x00000000f747fff8,0x00000000f7480000)
  from space 12800K, 0% used [0x00000000f7480000,0x00000000f7480000,0x00000000f8100000)
  to   space 12288K, 0% used [0x00000000f8100000,0x00000000f8100000,0x00000000f8d00000)
 ParOldGen       total 349696K, used 349695K [0x00000000e0000000, 0x00000000f5580000, 0x00000000f5580000)
  object space 349696K, 99% used [0x00000000e0000000,0x00000000f557fff8,0x00000000f5580000)
 Metaspace       used 66969K, committed 67904K, reserved 1114112K
  class space    used 5779K, committed 6144K, reserved 1048576K
}
Event: 378.940 GC heap after
{Heap after GC invocations=570 (full 413):
 PSYoungGen      total 44032K, used 31743K [0x00000000f5580000, 0x00000000f8e80000, 0x0000000100000000)
  eden space 31744K, 99% used [0x00000000f5580000,0x00000000f747fff8,0x00000000f7480000)
  from space 12288K, 0% used [0x00000000f8100000,0x00000000f8100000,0x00000000f8d00000)
  to   space 12800K, 0% used [0x00000000f7480000,0x00000000f7480000,0x00000000f8100000)
 ParOldGen       total 349696K, used 349695K [0x00000000e0000000, 0x00000000f5580000, 0x00000000f5580000)
  object space 349696K, 99% used [0x00000000e0000000,0x00000000f557fff8,0x00000000f5580000)
 Metaspace       used 66969K, committed 67904K, reserved 1114112K
  class space    used 5779K, committed 6144K, reserved 1048576K
}
Event: 378.940 GC heap before
{Heap before GC invocations=571 (full 414):
 PSYoungGen      total 44032K, used 31743K [0x00000000f5580000, 0x00000000f8e80000, 0x0000000100000000)
  eden space 31744K, 99% used [0x00000000f5580000,0x00000000f747fff8,0x00000000f7480000)
  from space 12288K, 0% used [0x00000000f8100000,0x00000000f8100000,0x00000000f8d00000)
  to   space 12800K, 0% used [0x00000000f7480000,0x00000000f7480000,0x00000000f8100000)
 ParOldGen       total 349696K, used 349695K [0x00000000e0000000, 0x00000000f5580000, 0x00000000f5580000)
  object space 349696K, 99% used [0x00000000e0000000,0x00000000f557fff8,0x00000000f5580000)
 Metaspace       used 66969K, committed 67904K, reserved 1114112K
  class space    used 5779K, committed 6144K, reserved 1048576K
}
Event: 379.381 GC heap after
{Heap after GC invocations=571 (full 414):
 PSYoungGen      total 44544K, used 31743K [0x00000000f5580000, 0x00000000f8e80000, 0x0000000100000000)
  eden space 31744K, 99% used [0x00000000f5580000,0x00000000f747fff8,0x00000000f7480000)
  from space 12800K, 0% used [0x00000000f7480000,0x00000000f7480000,0x00000000f8100000)
  to   space 12288K, 0% used [0x00000000f8100000,0x00000000f8100000,0x00000000f8d00000)
 ParOldGen       total 349696K, used 349695K [0x00000000e0000000, 0x00000000f5580000, 0x00000000f5580000)
  object space 349696K, 99% used [0x00000000e0000000,0x00000000f557fff8,0x00000000f5580000)
 Metaspace       used 66969K, committed 67904K, reserved 1114112K
  class space    used 5779K, committed 6144K, reserved 1048576K
}

