# JRE version: OpenJDK Runtime Environment GraalVM CE 22.3.0 (17.0.5+8) (build 17.0.5+8-jvmci-22.3-b08)
# Java VM: OpenJDK 64-Bit Server VM GraalVM CE 22.3.0 (17.0.5+8-jvmci-22.3-b08, mixed mode, sharing, tiered, jvmci, jvmci compiler, compressed oops, compressed class ptrs, g1 gc, linux-amd64)
GC Precious Log:
 CPUs: 16 total, 2 available
 Memory: 3215M
 Large Page Support: Disabled
 NUMA Support: Disabled
 Compressed Oops: Enabled (32-bit)
 Heap Region Size: 1M
 Heap Min Capacity: 8M
 Heap Initial Capacity: 52M
 Heap Max Capacity: 804M
 Pre-touch: Disabled
 Parallel Workers: 2
 Concurrent Workers: 1
 Concurrent Refinement Workers: 2
 Periodic GC: Disabled
Heap:
 garbage-first heap   total 55296K, used 19516K [0x00000000cdc00000, 0x0000000100000000)
  region size 1024K, 3 young (3072K), 2 survivors (2048K)
 Metaspace       used 17840K, committed 18112K, reserved 1064960K
  class space    used 1550K, committed 1728K, reserved 1048576K
GC Heap History (20 events):
Event: 1300.494 GC heap before
{Heap before GC invocations=9 (full 0):
 garbage-first heap   total 55296K, used 45258K [0x00000000cdc00000, 0x0000000100000000)
  region size 1024K, 26 young (26624K), 2 survivors (2048K)
 Metaspace       used 17073K, committed 17344K, reserved 1064960K
  class space    used 1572K, committed 1728K, reserved 1048576K
}
Event: 1300.497 GC heap after
{Heap after GC invocations=10 (full 0):
 garbage-first heap   total 55296K, used 17875K [0x00000000cdc00000, 0x0000000100000000)
  region size 1024K, 1 young (1024K), 1 survivors (1024K)
 Metaspace       used 17073K, committed 17344K, reserved 1064960K
  class space    used 1572K, committed 1728K, reserved 1048576K
}
Event: 1733.181 GC heap before
{Heap before GC invocations=10 (full 0):
 garbage-first heap   total 55296K, used 44499K [0x00000000cdc00000, 0x0000000100000000)
  region size 1024K, 26 young (26624K), 1 survivors (1024K)
 Metaspace       used 17077K, committed 17344K, reserved 1064960K
  class space    used 1572K, committed 1728K, reserved 1048576K
}
Event: 1733.187 GC heap after
{Heap after GC invocations=11 (full 0):
 garbage-first heap   total 55296K, used 18132K [0x00000000cdc00000, 0x0000000100000000)
  region size 1024K, 3 young (3072K), 3 survivors (3072K)
 Metaspace       used 17077K, committed 17344K, reserved 1064960K
  class space    used 1572K, committed 1728K, reserved 1048576K
}
Event: 1736.083 GC heap before
{Heap before GC invocations=11 (full 0):
 garbage-first heap   total 55296K, used 44756K [0x00000000cdc00000, 0x0000000100000000)
  region size 1024K, 27 young (27648K), 3 survivors (3072K)
 Metaspace       used 17078K, committed 17344K, reserved 1064960K
  class space    used 1572K, committed 1728K, reserved 1048576K
}
Event: 1736.086 GC heap after
{Heap after GC invocations=12 (full 0):
 garbage-first heap   total 55296K, used 18383K [0x00000000cdc00000, 0x0000000100000000)
  region size 1024K, 2 young (2048K), 2 survivors (2048K)
 Metaspace       used 17078K, committed 17344K, reserved 1064960K
  class space    used 1572K, committed 1728K, reserved 1048576K
}
Event: 1743.564 GC heap before
{Heap before GC invocations=12 (full 0):
 garbage-first heap   total 55296K, used 41935K [0x00000000cdc00000, 0x0000000100000000)
  region size 1024K, 25 young (25600K), 2 survivors (2048K)
 Metaspace       used 17268K, committed 17536K, reserved 1064960K
  class space    used 1572K, committed 1728K, reserved 1048576K
}
Event: 1743.567 GC heap after
{Heap after GC invocations=13 (full 0):
 garbage-first heap   total 55296K, used 15389K [0x00000000cdc00000, 0x0000000100000000)
  region size 1024K, 1 young (1024K), 1 survivors (1024K)
 Metaspace       used 17268K, committed 17536K, reserved 1064960K
  class space    used 1572K, committed 1728K, reserved 1048576K
}
Event: 1749.676 GC heap before
{Heap before GC invocations=13 (full 0):
 garbage-first heap   total 55296K, used 43037K [0x00000000cdc00000, 0x0000000100000000)
  region size 1024K, 28 young (28672K), 1 survivors (1024K)
 Metaspace       used 17442K, committed 17664K, reserved 1064960K
  class space    used 1572K, committed 1728K, reserved 1048576K
}
Event: 1749.680 GC heap after
{Heap after GC invocations=14 (full 0):
 garbage-first heap   total 55296K, used 15415K [0x00000000cdc00000, 0x0000000100000000)
  region size 1024K, 1 young (1024K), 1 survivors (1024K)
 Metaspace       used 17442K, committed 17664K, reserved 1064960K
  class space    used 1572K, committed 1728K, reserved 1048576K
}
Event: 1752.566 GC heap before
{Heap before GC invocations=14 (full 0):
 garbage-first heap   total 55296K, used 44087K [0x00000000cdc00000, 0x0000000100000000)
  region size 1024K, 29 young (29696K), 1 survivors (1024K)
 Metaspace       used 17487K, committed 17728K, reserved 1064960K
  class space    used 1572K, committed 1728K, reserved 1048576K
}
Event: 1752.572 GC heap after
{Heap after GC invocations=15 (full 0):
 garbage-first heap   total 55296K, used 15479K [0x00000000cdc00000, 0x0000000100000000)
  region size 1024K, 1 young (1024K), 1 survivors (1024K)
 Metaspace       used 17487K, committed 17728K, reserved 1064960K
  class space    used 1572K, committed 1728K, reserved 1048576K
}
Event: 1754.678 GC heap before
{Heap before GC invocations=15 (full 0):
 garbage-first heap   total 55296K, used 44151K [0x00000000cdc00000, 0x0000000100000000)
  region size 1024K, 29 young (29696K), 1 survivors (1024K)
 Metaspace       used 17531K, committed 17792K, reserved 1064960K
  class space    used 1572K, committed 1728K, reserved 1048576K
}
Event: 1754.683 GC heap after
{Heap after GC invocations=16 (full 0):
 garbage-first heap   total 55296K, used 15378K [0x00000000cdc00000, 0x0000000100000000)
  region size 1024K, 1 young (1024K), 1 survivors (1024K)
 Metaspace       used 17531K, committed 17792K, reserved 1064960K
  class space    used 1572K, committed 1728K, reserved 1048576K
}
Event: 3389.468 GC heap before
{Heap before GC invocations=16 (full 0):
 garbage-first heap   total 55296K, used 44050K [0x00000000cdc00000, 0x0000000100000000)
  region size 1024K, 22 young (22528K), 1 survivors (1024K)
 Metaspace       used 17709K, committed 17984K, reserved 1064960K
  class space    used 1572K, committed 1728K, reserved 1048576K
}
Event: 3389.475 GC heap after
{Heap after GC invocations=17 (full 0):
 garbage-first heap   total 55296K, used 23724K [0x00000000cdc00000, 0x0000000100000000)
  region size 1024K, 1 young (1024K), 1 survivors (1024K)
 Metaspace       used 17709K, committed 17984K, reserved 1064960K
  class space    used 1572K, committed 1728K, reserved 1048576K
}
Event: 3392.596 GC heap before
{Heap before GC invocations=18 (full 0):
 garbage-first heap   total 55296K, used 25772K [0x00000000cdc00000, 0x0000000100000000)
  region size 1024K, 2 young (2048K), 1 survivors (1024K)
 Metaspace       used 17612K, committed 17984K, reserved 1064960K
  class space    used 1549K, committed 1728K, reserved 1048576K
}
Event: 3392.604 GC heap after
{Heap after GC invocations=19 (full 0):
 garbage-first heap   total 55296K, used 23620K [0x00000000cdc00000, 0x0000000100000000)
  region size 1024K, 1 young (1024K), 1 survivors (1024K)
 Metaspace       used 17612K, committed 17984K, reserved 1064960K
  class space    used 1549K, committed 1728K, reserved 1048576K
}
Event: 4205.229 GC heap before
{Heap before GC invocations=20 (full 0):
 garbage-first heap   total 55296K, used 34884K [0x00000000cdc00000, 0x0000000100000000)
  region size 1024K, 13 young (13312K), 1 survivors (1024K)
 Metaspace       used 17834K, committed 18112K, reserved 1064960K
  class space    used 1550K, committed 1728K, reserved 1048576K
}
Event: 4205.234 GC heap after
{Heap after GC invocations=21 (full 0):
 garbage-first heap   total 55296K, used 17468K [0x00000000cdc00000, 0x0000000100000000)
  region size 1024K, 2 young (2048K), 2 survivors (2048K)
 Metaspace       used 17834K, committed 18112K, reserved 1064960K
  class space    used 1550K, committed 1728K, reserved 1048576K
}

