# JRE version: OpenJDK Runtime Environment GraalVM CE 22.3.0 (17.0.5+8) (build 17.0.5+8-jvmci-22.3-b08)
# Java VM: OpenJDK 64-Bit Server VM GraalVM CE 22.3.0 (17.0.5+8-jvmci-22.3-b08, mixed mode, sharing, tiered, jvmci, jvmci compiler, compressed oops, compressed class ptrs, parallel gc, linux-amd64)
GC Precious Log:
 CPUs: 16 total, 2 available
 Memory: 3215M
 Large Page Support: Disabled
 NUMA Support: Disabled
 Compressed Oops: Enabled (32-bit)
 Alignments: Space 512K, Generation 512K, Heap 2M
 Heap Min Capacity: 100M
 Heap Initial Capacity: 100M
 Heap Max Capacity: 512M
 Pre-touch: Disabled
 Parallel Workers: 2
Heap:
 PSYoungGen      total 9216K, used 3696K [0x00000000f5580000, 0x00000000f6080000, 0x0000000100000000)
  eden space 7680K, 32% used [0x00000000f5580000,0x00000000f57f3118,0x00000000f5d00000)
  from space 1536K, 77% used [0x00000000f5f00000,0x00000000f6029210,0x00000000f6080000)
  to   space 1536K, 0% used [0x00000000f5d80000,0x00000000f5d80000,0x00000000f5f00000)
 ParOldGen       total 84992K, used 62126K [0x00000000e0000000, 0x00000000e5300000, 0x00000000f5580000)
  object space 84992K, 73% used [0x00000000e0000000,0x00000000e3cabb88,0x00000000e5300000)
 Metaspace       used 63284K, committed 64256K, reserved 1114112K
  class space    used 5620K, committed 6016K, reserved 1048576K
GC Heap History (20 events):
Event: 288.174 GC heap before
{Heap before GC invocations=79 (full 4):
 PSYoungGen      total 9728K, used 2027K [0x00000000f5580000, 0x00000000f6700000, 0x0000000100000000)
  eden space 7680K, 0% used [0x00000000f5580000,0x00000000f5580000,0x00000000f5d00000)
  from space 2048K, 98% used [0x00000000f6100000,0x00000000f62fadd8,0x00000000f6300000)
  to   space 4096K, 0% used [0x00000000f5d00000,0x00000000f5d00000,0x00000000f6100000)
 ParOldGen       total 81920K, used 81885K [0x00000000e0000000, 0x00000000e5000000, 0x00000000f5580000)
  object space 81920K, 99% used [0x00000000e0000000,0x00000000e4ff7738,0x00000000e5000000)
 Metaspace       used 62817K, committed 63808K, reserved 1114112K
  class space    used 5590K, committed 6016K, reserved 1048576K
}
Event: 288.312 GC heap after
{Heap after GC invocations=79 (full 4):
 PSYoungGen      total 11776K, used 0K [0x00000000f5580000, 0x00000000f6500000, 0x0000000100000000)
  eden space 7680K, 0% used [0x00000000f5580000,0x00000000f5580000,0x00000000f5d00000)
  from space 4096K, 0% used [0x00000000f5d00000,0x00000000f5d00000,0x00000000f6100000)
  to   space 4096K, 0% used [0x00000000f6100000,0x00000000f6100000,0x00000000f6500000)
 ParOldGen       total 84992K, used 58251K [0x00000000e0000000, 0x00000000e5300000, 0x00000000f5580000)
  object space 84992K, 68% used [0x00000000e0000000,0x00000000e38e2cf0,0x00000000e5300000)
 Metaspace       used 62817K, committed 63808K, reserved 1114112K
  class space    used 5590K, committed 6016K, reserved 1048576K
}
Event: 288.844 GC heap before
{Heap before GC invocations=80 (full 4):
 PSYoungGen      total 11776K, used 7679K [0x00000000f5580000, 0x00000000f6500000, 0x0000000100000000)
  eden space 7680K, 99% used [0x00000000f5580000,0x00000000f5cffff8,0x00000000f5d00000)
  from space 4096K, 0% used [0x00000000f5d00000,0x00000000f5d00000,0x00000000f6100000)
  to   space 4096K, 0% used [0x00000000f6100000,0x00000000f6100000,0x00000000f6500000)
 ParOldGen       total 84992K, used 58251K [0x00000000e0000000, 0x00000000e5300000, 0x00000000f5580000)
  object space 84992K, 68% used [0x00000000e0000000,0x00000000e38e2cf0,0x00000000e5300000)
 Metaspace       used 62872K, committed 63808K, reserved 1114112K
  class space    used 5590K, committed 6016K, reserved 1048576K
}
Event: 288.848 GC heap after
{Heap after GC invocations=80 (full 4):
 PSYoungGen      total 9728K, used 1670K [0x00000000f5580000, 0x00000000f6300000, 0x0000000100000000)
  eden space 7680K, 0% used [0x00000000f5580000,0x00000000f5580000,0x00000000f5d00000)
  from space 2048K, 81% used [0x00000000f6100000,0x00000000f62a1940,0x00000000f6300000)
  to   space 2560K, 0% used [0x00000000f5e00000,0x00000000f5e00000,0x00000000f6080000)
 ParOldGen       total 84992K, used 58259K [0x00000000e0000000, 0x00000000e5300000, 0x00000000f5580000)
  object space 84992K, 68% used [0x00000000e0000000,0x00000000e38e4cf0,0x00000000e5300000)
 Metaspace       used 62872K, committed 63808K, reserved 1114112K
  class space    used 5590K, committed 6016K, reserved 1048576K
}
Event: 288.910 GC heap before
{Heap before GC invocations=81 (full 4):
 PSYoungGen      total 9728K, used 9350K [0x00000000f5580000, 0x00000000f6300000, 0x0000000100000000)
  eden space 7680K, 100% used [0x00000000f5580000,0x00000000f5d00000,0x00000000f5d00000)
  from space 2048K, 81% used [0x00000000f6100000,0x00000000f62a1940,0x00000000f6300000)
  to   space 2560K, 0% used [0x00000000f5e00000,0x00000000f5e00000,0x00000000f6080000)
 ParOldGen       total 84992K, used 58259K [0x00000000e0000000, 0x00000000e5300000, 0x00000000f5580000)
  object space 84992K, 68% used [0x00000000e0000000,0x00000000e38e4cf0,0x00000000e5300000)
 Metaspace       used 62889K, committed 63872K, reserved 1114112K
  class space    used 5591K, committed 6016K, reserved 1048576K
}
Event: 288.915 GC heap after
{Heap after GC invocations=81 (full 4):
 PSYoungGen      total 9216K, used 1290K [0x00000000f5580000, 0x00000000f6180000, 0x0000000100000000)
  eden space 7680K, 0% used [0x00000000f5580000,0x00000000f5580000,0x00000000f5d00000)
  from space 1536K, 84% used [0x00000000f5e00000,0x00000000f5f42910,0x00000000f5f80000)
  to   space 2048K, 0% used [0x00000000f5f80000,0x00000000f5f80000,0x00000000f6180000)
 ParOldGen       total 84992K, used 59041K [0x00000000e0000000, 0x00000000e5300000, 0x00000000f5580000)
  object space 84992K, 69% used [0x00000000e0000000,0x00000000e39a8440,0x00000000e5300000)
 Metaspace       used 62889K, committed 63872K, reserved 1114112K
  class space    used 5591K, committed 6016K, reserved 1048576K
}
Event: 288.975 GC heap before
{Heap before GC invocations=82 (full 4):
 PSYoungGen      total 9216K, used 8970K [0x00000000f5580000, 0x00000000f6180000, 0x0000000100000000)
  eden space 7680K, 100% used [0x00000000f5580000,0x00000000f5d00000,0x00000000f5d00000)
  from space 1536K, 84% used [0x00000000f5e00000,0x00000000f5f42910,0x00000000f5f80000)
  to   space 2048K, 0% used [0x00000000f5f80000,0x00000000f5f80000,0x00000000f6180000)
 ParOldGen       total 84992K, used 59041K [0x00000000e0000000, 0x00000000e5300000, 0x00000000f5580000)
  object space 84992K, 69% used [0x00000000e0000000,0x00000000e39a8440,0x00000000e5300000)
 Metaspace       used 62898K, committed 63872K, reserved 1114112K
  class space    used 5591K, committed 6016K, reserved 1048576K
}
Event: 288.977 GC heap after
{Heap after GC invocations=82 (full 4):
 PSYoungGen      total 8704K, used 644K [0x00000000f5580000, 0x00000000f6080000, 0x0000000100000000)
  eden space 7680K, 0% used [0x00000000f5580000,0x00000000f5580000,0x00000000f5d00000)
  from space 1024K, 62% used [0x00000000f5f80000,0x00000000f6021210,0x00000000f6080000)
  to   space 1024K, 0% used [0x00000000f5e80000,0x00000000f5e80000,0x00000000f5f80000)
 ParOldGen       total 84992K, used 59049K [0x00000000e0000000, 0x00000000e5300000, 0x00000000f5580000)
  object space 84992K, 69% used [0x00000000e0000000,0x00000000e39aa440,0x00000000e5300000)
 Metaspace       used 62898K, committed 63872K, reserved 1114112K
  class space    used 5591K, committed 6016K, reserved 1048576K
}
Event: 289.051 GC heap before
{Heap before GC invocations=83 (full 4):
 PSYoungGen      total 8704K, used 8324K [0x00000000f5580000, 0x00000000f6080000, 0x0000000100000000)
  eden space 7680K, 100% used [0x00000000f5580000,0x00000000f5d00000,0x00000000f5d00000)
  from space 1024K, 62% used [0x00000000f5f80000,0x00000000f6021210,0x00000000f6080000)
  to   space 1024K, 0% used [0x00000000f5e80000,0x00000000f5e80000,0x00000000f5f80000)
 ParOldGen       total 84992K, used 59049K [0x00000000e0000000, 0x00000000e5300000, 0x00000000f5580000)
  object space 84992K, 69% used [0x00000000e0000000,0x00000000e39aa440,0x00000000e5300000)
 Metaspace       used 62905K, committed 63872K, reserved 1114112K
  class space    used 5591K, committed 6016K, reserved 1048576K
}
Event: 289.057 GC heap after
{Heap after GC invocations=83 (full 4):
 PSYoungGen      total 8704K, used 634K [0x00000000f5580000, 0x00000000f6000000, 0x0000000100000000)
  eden space 7680K, 0% used [0x00000000f5580000,0x00000000f5580000,0x00000000f5d00000)
  from space 1024K, 61% used [0x00000000f5e80000,0x00000000f5f1e900,0x00000000f5f80000)
  to   space 512K, 0% used [0x00000000f5f80000,0x00000000f5f80000,0x00000000f6000000)
 ParOldGen       total 84992K, used 59057K [0x00000000e0000000, 0x00000000e5300000, 0x00000000f5580000)
  object space 84992K, 69% used [0x00000000e0000000,0x00000000e39ac440,0x00000000e5300000)
 Metaspace       used 62905K, committed 63872K, reserved 1114112K
  class space    used 5591K, committed 6016K, reserved 1048576K
}
Event: 289.118 GC heap before
{Heap before GC invocations=84 (full 4):
 PSYoungGen      total 8704K, used 8314K [0x00000000f5580000, 0x00000000f6000000, 0x0000000100000000)
  eden space 7680K, 100% used [0x00000000f5580000,0x00000000f5d00000,0x00000000f5d00000)
  from space 1024K, 61% used [0x00000000f5e80000,0x00000000f5f1e900,0x00000000f5f80000)
  to   space 512K, 0% used [0x00000000f5f80000,0x00000000f5f80000,0x00000000f6000000)
 ParOldGen       total 84992K, used 59057K [0x00000000e0000000, 0x00000000e5300000, 0x00000000f5580000)
  object space 84992K, 69% used [0x00000000e0000000,0x00000000e39ac440,0x00000000e5300000)
 Metaspace       used 62923K, committed 63872K, reserved 1114112K
  class space    used 5591K, committed 6016K, reserved 1048576K
}
Event: 289.121 GC heap after
{Heap after GC invocations=84 (full 4):
 PSYoungGen      total 8192K, used 512K [0x00000000f5580000, 0x00000000f6100000, 0x0000000100000000)
  eden space 7680K, 0% used [0x00000000f5580000,0x00000000f5580000,0x00000000f5d00000)
  from space 512K, 100% used [0x00000000f5f80000,0x00000000f6000000,0x00000000f6000000)
  to   space 2048K, 0% used [0x00000000f5d00000,0x00000000f5d00000,0x00000000f5f00000)
 ParOldGen       total 84992K, used 59951K [0x00000000e0000000, 0x00000000e5300000, 0x00000000f5580000)
  object space 84992K, 70% used [0x00000000e0000000,0x00000000e3a8beb0,0x00000000e5300000)
 Metaspace       used 62923K, committed 63872K, reserved 1114112K
  class space    used 5591K, committed 6016K, reserved 1048576K
}
Event: 289.185 GC heap before
{Heap before GC invocations=85 (full 4):
 PSYoungGen      total 8192K, used 8192K [0x00000000f5580000, 0x00000000f6100000, 0x0000000100000000)
  eden space 7680K, 100% used [0x00000000f5580000,0x00000000f5d00000,0x00000000f5d00000)
  from space 512K, 100% used [0x00000000f5f80000,0x00000000f6000000,0x00000000f6000000)
  to   space 2048K, 0% used [0x00000000f5d00000,0x00000000f5d00000,0x00000000f5f00000)
 ParOldGen       total 84992K, used 59951K [0x00000000e0000000, 0x00000000e5300000, 0x00000000f5580000)
  object space 84992K, 70% used [0x00000000e0000000,0x00000000e3a8beb0,0x00000000e5300000)
 Metaspace       used 62932K, committed 63872K, reserved 1114112K
  class space    used 5591K, committed 6016K, reserved 1048576K
}
Event: 289.189 GC heap after
{Heap after GC invocations=85 (full 4):
 PSYoungGen      total 8704K, used 964K [0x00000000f5580000, 0x00000000f6000000, 0x0000000100000000)
  eden space 7680K, 0% used [0x00000000f5580000,0x00000000f5580000,0x00000000f5d00000)
  from space 1024K, 94% used [0x00000000f5d00000,0x00000000f5df1210,0x00000000f5e00000)
  to   space 1536K, 0% used [0x00000000f5e80000,0x00000000f5e80000,0x00000000f6000000)
 ParOldGen       total 84992K, used 60463K [0x00000000e0000000, 0x00000000e5300000, 0x00000000f5580000)
  object space 84992K, 71% used [0x00000000e0000000,0x00000000e3b0beb0,0x00000000e5300000)
 Metaspace       used 62932K, committed 63872K, reserved 1114112K
  class space    used 5591K, committed 6016K, reserved 1048576K
}
Event: 289.326 GC heap before
{Heap before GC invocations=86 (full 4):
 PSYoungGen      total 8704K, used 8644K [0x00000000f5580000, 0x00000000f6000000, 0x0000000100000000)
  eden space 7680K, 100% used [0x00000000f5580000,0x00000000f5d00000,0x00000000f5d00000)
  from space 1024K, 94% used [0x00000000f5d00000,0x00000000f5df1210,0x00000000f5e00000)
  to   space 1536K, 0% used [0x00000000f5e80000,0x00000000f5e80000,0x00000000f6000000)
 ParOldGen       total 84992K, used 60463K [0x00000000e0000000, 0x00000000e5300000, 0x00000000f5580000)
  object space 84992K, 71% used [0x00000000e0000000,0x00000000e3b0beb0,0x00000000e5300000)
 Metaspace       used 62949K, committed 63936K, reserved 1114112K
  class space    used 5591K, committed 6016K, reserved 1048576K
}
Event: 289.348 GC heap after
{Heap after GC invocations=86 (full 4):
 PSYoungGen      total 8704K, used 986K [0x00000000f5580000, 0x00000000f5f80000, 0x0000000100000000)
  eden space 7680K, 0% used [0x00000000f5580000,0x00000000f5580000,0x00000000f5d00000)
  from space 1024K, 96% used [0x00000000f5e80000,0x00000000f5f76900,0x00000000f5f80000)
  to   space 1024K, 0% used [0x00000000f5d00000,0x00000000f5d00000,0x00000000f5e00000)
 ParOldGen       total 84992K, used 60607K [0x00000000e0000000, 0x00000000e5300000, 0x00000000f5580000)
  object space 84992K, 71% used [0x00000000e0000000,0x00000000e3b2feb0,0x00000000e5300000)
 Metaspace       used 62949K, committed 63936K, reserved 1114112K
  class space    used 5591K, committed 6016K, reserved 1048576K
}
Event: 289.468 GC heap before
{Heap before GC invocations=87 (full 4):
 PSYoungGen      total 8704K, used 8666K [0x00000000f5580000, 0x00000000f5f80000, 0x0000000100000000)
  eden space 7680K, 100% used [0x00000000f5580000,0x00000000f5d00000,0x00000000f5d00000)
  from space 1024K, 96% used [0x00000000f5e80000,0x00000000f5f76900,0x00000000f5f80000)
  to   space 1024K, 0% used [0x00000000f5d00000,0x00000000f5d00000,0x00000000f5e00000)
 ParOldGen       total 84992K, used 60607K [0x00000000e0000000, 0x00000000e5300000, 0x00000000f5580000)
  object space 84992K, 71% used [0x00000000e0000000,0x00000000e3b2feb0,0x00000000e5300000)
 Metaspace       used 62951K, committed 63936K, reserved 1114112K
  class space    used 5591K, committed 6016K, reserved 1048576K
}
Event: 289.472 GC heap after
{Heap after GC invocations=87 (full 4):
 PSYoungGen      total 8704K, used 1024K [0x00000000f5580000, 0x00000000f6100000, 0x0000000100000000)
  eden space 7680K, 0% used [0x00000000f5580000,0x00000000f5580000,0x00000000f5d00000)
  from space 1024K, 100% used [0x00000000f5d00000,0x00000000f5e00000,0x00000000f5e00000)
  to   space 2048K, 0% used [0x00000000f5f00000,0x00000000f5f00000,0x00000000f6100000)
 ParOldGen       total 84992K, used 61134K [0x00000000e0000000, 0x00000000e5300000, 0x00000000f5580000)
  object space 84992K, 71% used [0x00000000e0000000,0x00000000e3bb3978,0x00000000e5300000)
 Metaspace       used 62951K, committed 63936K, reserved 1114112K
  class space    used 5591K, committed 6016K, reserved 1048576K
}
Event: 289.539 GC heap before
{Heap before GC invocations=88 (full 4):
 PSYoungGen      total 8704K, used 8704K [0x00000000f5580000, 0x00000000f6100000, 0x0000000100000000)
  eden space 7680K, 100% used [0x00000000f5580000,0x00000000f5d00000,0x00000000f5d00000)
  from space 1024K, 100% used [0x00000000f5d00000,0x00000000f5e00000,0x00000000f5e00000)
  to   space 2048K, 0% used [0x00000000f5f00000,0x00000000f5f00000,0x00000000f6100000)
 ParOldGen       total 84992K, used 61134K [0x00000000e0000000, 0x00000000e5300000, 0x00000000f5580000)
  object space 84992K, 71% used [0x00000000e0000000,0x00000000e3bb3978,0x00000000e5300000)
 Metaspace       used 62962K, committed 64000K, reserved 1114112K
  class space    used 5591K, committed 6016K, reserved 1048576K
}
Event: 289.545 GC heap after
{Heap after GC invocations=88 (full 4):
 PSYoungGen      total 9216K, used 1188K [0x00000000f5580000, 0x00000000f6080000, 0x0000000100000000)
  eden space 7680K, 0% used [0x00000000f5580000,0x00000000f5580000,0x00000000f5d00000)
  from space 1536K, 77% used [0x00000000f5f00000,0x00000000f6029210,0x00000000f6080000)
  to   space 1536K, 0% used [0x00000000f5d80000,0x00000000f5d80000,0x00000000f5f00000)
 ParOldGen       total 84992K, used 62126K [0x00000000e0000000, 0x00000000e5300000, 0x00000000f5580000)
  object space 84992K, 73% used [0x00000000e0000000,0x00000000e3cabb88,0x00000000e5300000)
 Metaspace       used 62962K, committed 64000K, reserved 1114112K
  class space    used 5591K, committed 6016K, reserved 1048576K
}

